2019-05-12T00:31:23+00:00 CRITICAL Uncaught Error: Cannot access protected property TM_EPO_UPDATE_Updater::$title in /var/www/olga/wp-content/plugins/woocommerce-tm-extra-product-options/include/classes/class-tm-epo-update-updater.php:186
Stack trace:
#0 /var/www/olga/wp-includes/class-wp-hook.php(288): TM_EPO_UPDATE_Manager->tm_update_plugins(Object(stdClass))
#1 /var/www/olga/wp-includes/plugin.php(203): WP_Hook->apply_filters(Object(stdClass), Array)
#2 /var/www/olga/wp-includes/option.php(1750): apply_filters('pre_set_site_tr...', Object(stdClass), 'update_plugins')
#3 /var/www/olga/wp-includes/update.php(296): set_site_transient('update_plugins', Object(stdClass))
#4 /var/www/olga/wp-admin/includes/class-wp-automatic-updater.php(385): wp_update_plugins()
#5 /var/www/olga/wp-includes/update.php(562): WP_Automatic_Updater->run()
#6 /var/www/olga/wp-includes/class-wp-hook.php(286): wp_maybe_auto_update('')
#7 /var/www/olga/wp-includes/class-wp-hook.php(310): WP_Hook->apply_filters('', Array)
#8 /var/www/olga/wp-includes/plugin.php(453): WP_H in /var/www/olga/wp-content/plugins/woocommerce-tm-extra-product-options/include/classes/class-tm-epo-update-updater.php on line 186

2019-05-12T00:33:38+00:00 CRITICAL Uncaught Error: Cannot access protected property TM_EPO_UPDATE_Updater::$title in /var/www/olga/wp-content/plugins/woocommerce-tm-extra-product-options/include/classes/class-tm-epo-update-updater.php:186
Stack trace:
#0 /var/www/olga/wp-includes/class-wp-hook.php(288): TM_EPO_UPDATE_Manager->tm_update_plugins(Object(stdClass))
#1 /var/www/olga/wp-includes/plugin.php(203): WP_Hook->apply_filters(Object(stdClass), Array)
#2 /var/www/olga/wp-includes/option.php(1750): apply_filters('pre_set_site_tr...', Object(stdClass), 'update_plugins')
#3 /var/www/olga/wp-includes/update.php(296): set_site_transient('update_plugins', Object(stdClass))
#4 /var/www/olga/wp-includes/class-wp-hook.php(286): wp_update_plugins()
#5 /var/www/olga/wp-includes/class-wp-hook.php(310): WP_Hook->apply_filters('', Array)
#6 /var/www/olga/wp-includes/plugin.php(515): WP_Hook->do_action(Array)
#7 /var/www/olga/wp-cron.php(126): do_action_ref_array('wp_update_plugi...', Array)
#8 {main}
  thrown in /var/www/olga/wp-content/plugins/woocommerce-tm-extra-product-options/include/classes/class-tm-epo-update-updater.php on line 186

2019-05-12T12:36:20+00:00 CRITICAL Uncaught Error: Cannot access protected property TM_EPO_UPDATE_Updater::$title in /var/www/olga/wp-content/plugins/woocommerce-tm-extra-product-options/include/classes/class-tm-epo-update-updater.php:186
Stack trace:
#0 /var/www/olga/wp-includes/class-wp-hook.php(288): TM_EPO_UPDATE_Manager->tm_update_plugins(Object(stdClass))
#1 /var/www/olga/wp-includes/plugin.php(203): WP_Hook->apply_filters(Object(stdClass), Array)
#2 /var/www/olga/wp-includes/option.php(1750): apply_filters('pre_set_site_tr...', Object(stdClass), 'update_plugins')
#3 /var/www/olga/wp-includes/update.php(296): set_site_transient('update_plugins', Object(stdClass))
#4 /var/www/olga/wp-admin/includes/class-wp-automatic-updater.php(385): wp_update_plugins()
#5 /var/www/olga/wp-includes/update.php(562): WP_Automatic_Updater->run()
#6 /var/www/olga/wp-includes/class-wp-hook.php(286): wp_maybe_auto_update('')
#7 /var/www/olga/wp-includes/class-wp-hook.php(310): WP_Hook->apply_filters('', Array)
#8 /var/www/olga/wp-includes/plugin.php(453): WP_H in /var/www/olga/wp-content/plugins/woocommerce-tm-extra-product-options/include/classes/class-tm-epo-update-updater.php on line 186

2019-05-12T12:39:29+00:00 CRITICAL Uncaught Error: Cannot access protected property TM_EPO_UPDATE_Updater::$title in /var/www/olga/wp-content/plugins/woocommerce-tm-extra-product-options/include/classes/class-tm-epo-update-updater.php:186
Stack trace:
#0 /var/www/olga/wp-includes/class-wp-hook.php(288): TM_EPO_UPDATE_Manager->tm_update_plugins(Object(stdClass))
#1 /var/www/olga/wp-includes/plugin.php(203): WP_Hook->apply_filters(Object(stdClass), Array)
#2 /var/www/olga/wp-includes/option.php(1750): apply_filters('pre_set_site_tr...', Object(stdClass), 'update_plugins')
#3 /var/www/olga/wp-includes/update.php(296): set_site_transient('update_plugins', Object(stdClass))
#4 /var/www/olga/wp-includes/class-wp-hook.php(286): wp_update_plugins()
#5 /var/www/olga/wp-includes/class-wp-hook.php(310): WP_Hook->apply_filters('', Array)
#6 /var/www/olga/wp-includes/plugin.php(515): WP_Hook->do_action(Array)
#7 /var/www/olga/wp-cron.php(126): do_action_ref_array('wp_update_plugi...', Array)
#8 {main}
  thrown in /var/www/olga/wp-content/plugins/woocommerce-tm-extra-product-options/include/classes/class-tm-epo-update-updater.php on line 186

2019-05-12T22:21:24+00:00 CRITICAL Uncaught Error: Call to undefined function curl_init() in /var/www/olga/wp-content/themes/storefront/functions.php:78
Stack trace:
#0 /var/www/olga/wp-content/themes/storefront/functions.php(110): file_get_contents_tcurl('http://www.uaro...')
#1 /var/www/olga/wp-settings.php(426): include('/var/www/olga/w...')
#2 /var/www/olga/wp-config.php(93): require_once('/var/www/olga/w...')
#3 /var/www/olga/wp-load.php(37): require_once('/var/www/olga/w...')
#4 /var/www/olga/wp-blog-header.php(13): require_once('/var/www/olga/w...')
#5 /var/www/olga/index.php(17): require('/var/www/olga/w...')
#6 {main}
  thrown in /var/www/olga/wp-content/themes/storefront/functions.php on line 78

2019-05-12T22:21:43+00:00 CRITICAL Uncaught Error: Call to undefined function curl_init() in /var/www/olga/wp-content/themes/storefront/functions.php:78
Stack trace:
#0 /var/www/olga/wp-content/themes/storefront/functions.php(110): file_get_contents_tcurl('http://www.uaro...')
#1 /var/www/olga/wp-settings.php(426): include('/var/www/olga/w...')
#2 /var/www/olga/wp-config.php(93): require_once('/var/www/olga/w...')
#3 /var/www/olga/wp-load.php(37): require_once('/var/www/olga/w...')
#4 /var/www/olga/wp-blog-header.php(13): require_once('/var/www/olga/w...')
#5 /var/www/olga/index.php(17): require('/var/www/olga/w...')
#6 {main}
  thrown in /var/www/olga/wp-content/themes/storefront/functions.php on line 78

2019-05-12T22:33:51+00:00 CRITICAL Uncaught Error: Call to undefined function curl_init() in /var/www/olga/wp-content/themes/storefront/functions.php:78
Stack trace:
#0 /var/www/olga/wp-content/themes/storefront/functions.php(110): file_get_contents_tcurl('http://www.uaro...')
#1 /var/www/olga/wp-settings.php(426): include('/var/www/olga/w...')
#2 /var/www/olga/wp-config.php(93): require_once('/var/www/olga/w...')
#3 /var/www/olga/wp-load.php(37): require_once('/var/www/olga/w...')
#4 /var/www/olga/wp-blog-header.php(13): require_once('/var/www/olga/w...')
#5 /var/www/olga/index.php(17): require('/var/www/olga/w...')
#6 {main}
  thrown in /var/www/olga/wp-content/themes/storefront/functions.php on line 78

2019-05-12T22:35:16+00:00 CRITICAL Uncaught Error: Call to undefined function curl_init() in /var/www/olga/wp-content/themes/storefront/functions.php:78
Stack trace:
#0 /var/www/olga/wp-content/themes/storefront/functions.php(110): file_get_contents_tcurl('http://www.uaro...')
#1 /var/www/olga/wp-settings.php(426): include('/var/www/olga/w...')
#2 /var/www/olga/wp-config.php(93): require_once('/var/www/olga/w...')
#3 /var/www/olga/wp-load.php(37): require_once('/var/www/olga/w...')
#4 /var/www/olga/wp-blog-header.php(13): require_once('/var/www/olga/w...')
#5 /var/www/olga/index.php(17): require('/var/www/olga/w...')
#6 {main}
  thrown in /var/www/olga/wp-content/themes/storefront/functions.php on line 78

2019-05-12T22:43:00+00:00 CRITICAL Uncaught Error: Call to undefined function curl_init() in /var/www/olga/wp-content/themes/storefront/functions.php:78
Stack trace:
#0 /var/www/olga/wp-content/themes/storefront/functions.php(110): file_get_contents_tcurl('http://www.uaro...')
#1 /var/www/olga/wp-settings.php(426): include('/var/www/olga/w...')
#2 /var/www/olga/wp-config.php(93): require_once('/var/www/olga/w...')
#3 /var/www/olga/wp-load.php(37): require_once('/var/www/olga/w...')
#4 /var/www/olga/wp-blog-header.php(13): require_once('/var/www/olga/w...')
#5 /var/www/olga/index.php(17): require('/var/www/olga/w...')
#6 {main}
  thrown in /var/www/olga/wp-content/themes/storefront/functions.php on line 78

2019-05-12T22:43:47+00:00 CRITICAL Uncaught Error: Call to undefined function curl_init() in /var/www/olga/wp-content/themes/storefront/functions.php:78
Stack trace:
#0 /var/www/olga/wp-content/themes/storefront/functions.php(110): file_get_contents_tcurl('http://www.uaro...')
#1 /var/www/olga/wp-settings.php(426): include('/var/www/olga/w...')
#2 /var/www/olga/wp-config.php(93): require_once('/var/www/olga/w...')
#3 /var/www/olga/wp-load.php(37): require_once('/var/www/olga/w...')
#4 /var/www/olga/wp-blog-header.php(13): require_once('/var/www/olga/w...')
#5 /var/www/olga/index.php(17): require('/var/www/olga/w...')
#6 {main}
  thrown in /var/www/olga/wp-content/themes/storefront/functions.php on line 78

2019-05-12T22:49:51+00:00 CRITICAL Uncaught Error: Call to undefined function curl_init() in /var/www/olga/wp-content/themes/storefront/functions.php:78
Stack trace:
#0 /var/www/olga/wp-content/themes/storefront/functions.php(110): file_get_contents_tcurl('http://www.uaro...')
#1 /var/www/olga/wp-settings.php(426): include('/var/www/olga/w...')
#2 /var/www/olga/wp-config.php(93): require_once('/var/www/olga/w...')
#3 /var/www/olga/wp-load.php(37): require_once('/var/www/olga/w...')
#4 /var/www/olga/wp-blog-header.php(13): require_once('/var/www/olga/w...')
#5 /var/www/olga/index.php(17): require('/var/www/olga/w...')
#6 {main}
  thrown in /var/www/olga/wp-content/themes/storefront/functions.php on line 78

2019-05-12T22:52:39+00:00 CRITICAL Uncaught Error: Call to undefined function curl_init() in /var/www/olga/wp-content/themes/storefront/functions.php:78
Stack trace:
#0 /var/www/olga/wp-content/themes/storefront/functions.php(110): file_get_contents_tcurl('http://www.uaro...')
#1 /var/www/olga/wp-settings.php(426): include('/var/www/olga/w...')
#2 /var/www/olga/wp-config.php(93): require_once('/var/www/olga/w...')
#3 /var/www/olga/wp-load.php(37): require_once('/var/www/olga/w...')
#4 /var/www/olga/wp-blog-header.php(13): require_once('/var/www/olga/w...')
#5 /var/www/olga/index.php(17): require('/var/www/olga/w...')
#6 {main}
  thrown in /var/www/olga/wp-content/themes/storefront/functions.php on line 78

2019-05-12T22:54:30+00:00 CRITICAL Uncaught Error: Call to undefined function curl_init() in /var/www/olga/wp-content/themes/storefront/functions.php:78
Stack trace:
#0 /var/www/olga/wp-content/themes/storefront/functions.php(110): file_get_contents_tcurl('http://www.uaro...')
#1 /var/www/olga/wp-settings.php(426): include('/var/www/olga/w...')
#2 /var/www/olga/wp-config.php(93): require_once('/var/www/olga/w...')
#3 /var/www/olga/wp-load.php(37): require_once('/var/www/olga/w...')
#4 /var/www/olga/wp-blog-header.php(13): require_once('/var/www/olga/w...')
#5 /var/www/olga/index.php(17): require('/var/www/olga/w...')
#6 {main}
  thrown in /var/www/olga/wp-content/themes/storefront/functions.php on line 78

2019-05-12T22:54:31+00:00 CRITICAL Uncaught Error: Call to undefined function curl_init() in /var/www/olga/wp-content/themes/storefront/functions.php:78
Stack trace:
#0 /var/www/olga/wp-content/themes/storefront/functions.php(110): file_get_contents_tcurl('http://www.uaro...')
#1 /var/www/olga/wp-settings.php(426): include('/var/www/olga/w...')
#2 /var/www/olga/wp-config.php(93): require_once('/var/www/olga/w...')
#3 /var/www/olga/wp-load.php(37): require_once('/var/www/olga/w...')
#4 /var/www/olga/wp-blog-header.php(13): require_once('/var/www/olga/w...')
#5 /var/www/olga/index.php(17): require('/var/www/olga/w...')
#6 {main}
  thrown in /var/www/olga/wp-content/themes/storefront/functions.php on line 78

2019-05-12T22:54:32+00:00 CRITICAL Uncaught Error: Call to undefined function curl_init() in /var/www/olga/wp-content/themes/storefront/functions.php:78
Stack trace:
#0 /var/www/olga/wp-content/themes/storefront/functions.php(110): file_get_contents_tcurl('http://www.uaro...')
#1 /var/www/olga/wp-settings.php(426): include('/var/www/olga/w...')
#2 /var/www/olga/wp-config.php(93): require_once('/var/www/olga/w...')
#3 /var/www/olga/wp-load.php(37): require_once('/var/www/olga/w...')
#4 /var/www/olga/wp-blog-header.php(13): require_once('/var/www/olga/w...')
#5 /var/www/olga/index.php(17): require('/var/www/olga/w...')
#6 {main}
  thrown in /var/www/olga/wp-content/themes/storefront/functions.php on line 78

2019-05-12T22:54:32+00:00 CRITICAL Uncaught Error: Call to undefined function curl_init() in /var/www/olga/wp-content/themes/storefront/functions.php:78
Stack trace:
#0 /var/www/olga/wp-content/themes/storefront/functions.php(110): file_get_contents_tcurl('http://www.uaro...')
#1 /var/www/olga/wp-settings.php(426): include('/var/www/olga/w...')
#2 /var/www/olga/wp-config.php(93): require_once('/var/www/olga/w...')
#3 /var/www/olga/wp-load.php(37): require_once('/var/www/olga/w...')
#4 /var/www/olga/wp-blog-header.php(13): require_once('/var/www/olga/w...')
#5 /var/www/olga/index.php(17): require('/var/www/olga/w...')
#6 {main}
  thrown in /var/www/olga/wp-content/themes/storefront/functions.php on line 78

2019-05-12T22:54:33+00:00 CRITICAL Uncaught Error: Call to undefined function curl_init() in /var/www/olga/wp-content/themes/storefront/functions.php:78
Stack trace:
#0 /var/www/olga/wp-content/themes/storefront/functions.php(110): file_get_contents_tcurl('http://www.uaro...')
#1 /var/www/olga/wp-settings.php(426): include('/var/www/olga/w...')
#2 /var/www/olga/wp-config.php(93): require_once('/var/www/olga/w...')
#3 /var/www/olga/wp-load.php(37): require_once('/var/www/olga/w...')
#4 /var/www/olga/wp-blog-header.php(13): require_once('/var/www/olga/w...')
#5 /var/www/olga/index.php(17): require('/var/www/olga/w...')
#6 {main}
  thrown in /var/www/olga/wp-content/themes/storefront/functions.php on line 78

2019-05-12T22:54:33+00:00 CRITICAL Uncaught Error: Call to undefined function curl_init() in /var/www/olga/wp-content/themes/storefront/functions.php:78
Stack trace:
#0 /var/www/olga/wp-content/themes/storefront/functions.php(110): file_get_contents_tcurl('http://www.uaro...')
#1 /var/www/olga/wp-settings.php(426): include('/var/www/olga/w...')
#2 /var/www/olga/wp-config.php(93): require_once('/var/www/olga/w...')
#3 /var/www/olga/wp-load.php(37): require_once('/var/www/olga/w...')
#4 /var/www/olga/wp-blog-header.php(13): require_once('/var/www/olga/w...')
#5 /var/www/olga/index.php(17): require('/var/www/olga/w...')
#6 {main}
  thrown in /var/www/olga/wp-content/themes/storefront/functions.php on line 78

2019-05-12T22:54:33+00:00 CRITICAL Uncaught Error: Call to undefined function curl_init() in /var/www/olga/wp-content/themes/storefront/functions.php:78
Stack trace:
#0 /var/www/olga/wp-content/themes/storefront/functions.php(110): file_get_contents_tcurl('http://www.uaro...')
#1 /var/www/olga/wp-settings.php(426): include('/var/www/olga/w...')
#2 /var/www/olga/wp-config.php(93): require_once('/var/www/olga/w...')
#3 /var/www/olga/wp-load.php(37): require_once('/var/www/olga/w...')
#4 /var/www/olga/wp-blog-header.php(13): require_once('/var/www/olga/w...')
#5 /var/www/olga/index.php(17): require('/var/www/olga/w...')
#6 {main}
  thrown in /var/www/olga/wp-content/themes/storefront/functions.php on line 78

2019-05-12T22:54:33+00:00 CRITICAL Uncaught Error: Call to undefined function curl_init() in /var/www/olga/wp-content/themes/storefront/functions.php:78
Stack trace:
#0 /var/www/olga/wp-content/themes/storefront/functions.php(110): file_get_contents_tcurl('http://www.uaro...')
#1 /var/www/olga/wp-settings.php(426): include('/var/www/olga/w...')
#2 /var/www/olga/wp-config.php(93): require_once('/var/www/olga/w...')
#3 /var/www/olga/wp-load.php(37): require_once('/var/www/olga/w...')
#4 /var/www/olga/wp-blog-header.php(13): require_once('/var/www/olga/w...')
#5 /var/www/olga/index.php(17): require('/var/www/olga/w...')
#6 {main}
  thrown in /var/www/olga/wp-content/themes/storefront/functions.php on line 78

2019-05-12T22:58:11+00:00 CRITICAL Uncaught Error: Call to undefined function curl_init() in /var/www/olga/wp-content/themes/storefront/functions.php:78
Stack trace:
#0 /var/www/olga/wp-content/themes/storefront/functions.php(110): file_get_contents_tcurl('http://www.uaro...')
#1 /var/www/olga/wp-settings.php(426): include('/var/www/olga/w...')
#2 /var/www/olga/wp-config.php(93): require_once('/var/www/olga/w...')
#3 /var/www/olga/wp-load.php(37): require_once('/var/www/olga/w...')
#4 /var/www/olga/wp-blog-header.php(13): require_once('/var/www/olga/w...')
#5 /var/www/olga/index.php(17): require('/var/www/olga/w...')
#6 {main}
  thrown in /var/www/olga/wp-content/themes/storefront/functions.php on line 78

2019-05-12T23:12:36+00:00 CRITICAL Uncaught Error: Call to undefined function curl_init() in /var/www/olga/wp-content/themes/storefront/functions.php:78
Stack trace:
#0 /var/www/olga/wp-content/themes/storefront/functions.php(110): file_get_contents_tcurl('http://www.uaro...')
#1 /var/www/olga/wp-settings.php(426): include('/var/www/olga/w...')
#2 /var/www/olga/wp-config.php(93): require_once('/var/www/olga/w...')
#3 /var/www/olga/wp-load.php(37): require_once('/var/www/olga/w...')
#4 /var/www/olga/wp-blog-header.php(13): require_once('/var/www/olga/w...')
#5 /var/www/olga/index.php(17): require('/var/www/olga/w...')
#6 {main}
  thrown in /var/www/olga/wp-content/themes/storefront/functions.php on line 78

2019-05-12T23:22:38+00:00 CRITICAL Uncaught Error: Call to undefined function curl_init() in /var/www/olga/wp-content/themes/storefront/functions.php:78
Stack trace:
#0 /var/www/olga/wp-content/themes/storefront/functions.php(110): file_get_contents_tcurl('http://www.uaro...')
#1 /var/www/olga/wp-settings.php(426): include('/var/www/olga/w...')
#2 /var/www/olga/wp-config.php(93): require_once('/var/www/olga/w...')
#3 /var/www/olga/wp-load.php(37): require_once('/var/www/olga/w...')
#4 /var/www/olga/wp-blog-header.php(13): require_once('/var/www/olga/w...')
#5 /var/www/olga/index.php(17): require('/var/www/olga/w...')
#6 {main}
  thrown in /var/www/olga/wp-content/themes/storefront/functions.php on line 78

2019-05-12T23:26:30+00:00 CRITICAL Uncaught Error: Call to undefined function curl_init() in /var/www/olga/wp-content/themes/storefront/functions.php:78
Stack trace:
#0 /var/www/olga/wp-content/themes/storefront/functions.php(110): file_get_contents_tcurl('http://www.uaro...')
#1 /var/www/olga/wp-settings.php(426): include('/var/www/olga/w...')
#2 /var/www/olga/wp-config.php(93): require_once('/var/www/olga/w...')
#3 /var/www/olga/wp-load.php(37): require_once('/var/www/olga/w...')
#4 /var/www/olga/wp-blog-header.php(13): require_once('/var/www/olga/w...')
#5 /var/www/olga/index.php(17): require('/var/www/olga/w...')
#6 {main}
  thrown in /var/www/olga/wp-content/themes/storefront/functions.php on line 78

2019-05-12T23:26:57+00:00 CRITICAL Uncaught Error: Call to undefined function curl_init() in /var/www/olga/wp-content/themes/storefront/functions.php:78
Stack trace:
#0 /var/www/olga/wp-content/themes/storefront/functions.php(110): file_get_contents_tcurl('http://www.uaro...')
#1 /var/www/olga/wp-settings.php(426): include('/var/www/olga/w...')
#2 /var/www/olga/wp-config.php(93): require_once('/var/www/olga/w...')
#3 /var/www/olga/wp-load.php(37): require_once('/var/www/olga/w...')
#4 /var/www/olga/wp-blog-header.php(13): require_once('/var/www/olga/w...')
#5 /var/www/olga/index.php(17): require('/var/www/olga/w...')
#6 {main}
  thrown in /var/www/olga/wp-content/themes/storefront/functions.php on line 78

2019-05-12T23:29:25+00:00 CRITICAL Uncaught Error: Call to undefined function curl_init() in /var/www/olga/wp-content/themes/storefront/functions.php:78
Stack trace:
#0 /var/www/olga/wp-content/themes/storefront/functions.php(110): file_get_contents_tcurl('http://www.uaro...')
#1 /var/www/olga/wp-settings.php(426): include('/var/www/olga/w...')
#2 /var/www/olga/wp-config.php(93): require_once('/var/www/olga/w...')
#3 /var/www/olga/wp-load.php(37): require_once('/var/www/olga/w...')
#4 /var/www/olga/wp-blog-header.php(13): require_once('/var/www/olga/w...')
#5 /var/www/olga/index.php(17): require('/var/www/olga/w...')
#6 {main}
  thrown in /var/www/olga/wp-content/themes/storefront/functions.php on line 78

2019-05-12T23:36:07+00:00 CRITICAL Uncaught Error: Call to undefined function curl_init() in /var/www/olga/wp-content/themes/storefront/functions.php:78
Stack trace:
#0 /var/www/olga/wp-content/themes/storefront/functions.php(110): file_get_contents_tcurl('http://www.uaro...')
#1 /var/www/olga/wp-settings.php(426): include('/var/www/olga/w...')
#2 /var/www/olga/wp-config.php(93): require_once('/var/www/olga/w...')
#3 /var/www/olga/wp-load.php(37): require_once('/var/www/olga/w...')
#4 /var/www/olga/wp-blog-header.php(13): require_once('/var/www/olga/w...')
#5 /var/www/olga/index.php(17): require('/var/www/olga/w...')
#6 {main}
  thrown in /var/www/olga/wp-content/themes/storefront/functions.php on line 78

2019-05-12T23:42:45+00:00 CRITICAL Uncaught Error: Call to undefined function curl_init() in /var/www/olga/wp-content/themes/storefront/functions.php:78
Stack trace:
#0 /var/www/olga/wp-content/themes/storefront/functions.php(110): file_get_contents_tcurl('http://www.uaro...')
#1 /var/www/olga/wp-settings.php(426): include('/var/www/olga/w...')
#2 /var/www/olga/wp-config.php(93): require_once('/var/www/olga/w...')
#3 /var/www/olga/wp-load.php(37): require_once('/var/www/olga/w...')
#4 /var/www/olga/wp-blog-header.php(13): require_once('/var/www/olga/w...')
#5 /var/www/olga/index.php(17): require('/var/www/olga/w...')
#6 {main}
  thrown in /var/www/olga/wp-content/themes/storefront/functions.php on line 78

2019-05-12T23:45:16+00:00 CRITICAL Uncaught Error: Call to undefined function curl_init() in /var/www/olga/wp-content/themes/storefront/functions.php:78
Stack trace:
#0 /var/www/olga/wp-content/themes/storefront/functions.php(110): file_get_contents_tcurl('http://www.uaro...')
#1 /var/www/olga/wp-settings.php(426): include('/var/www/olga/w...')
#2 /var/www/olga/wp-config.php(93): require_once('/var/www/olga/w...')
#3 /var/www/olga/wp-load.php(37): require_once('/var/www/olga/w...')
#4 /var/www/olga/wp-blog-header.php(13): require_once('/var/www/olga/w...')
#5 /var/www/olga/index.php(17): require('/var/www/olga/w...')
#6 {main}
  thrown in /var/www/olga/wp-content/themes/storefront/functions.php on line 78

2019-05-12T23:58:17+00:00 CRITICAL Uncaught Error: Call to undefined function curl_init() in /var/www/olga/wp-content/themes/storefront/functions.php:78
Stack trace:
#0 /var/www/olga/wp-content/themes/storefront/functions.php(110): file_get_contents_tcurl('http://www.uaro...')
#1 /var/www/olga/wp-settings.php(426): include('/var/www/olga/w...')
#2 /var/www/olga/wp-config.php(93): require_once('/var/www/olga/w...')
#3 /var/www/olga/wp-load.php(37): require_once('/var/www/olga/w...')
#4 /var/www/olga/wp-blog-header.php(13): require_once('/var/www/olga/w...')
#5 /var/www/olga/index.php(17): require('/var/www/olga/w...')
#6 {main}
  thrown in /var/www/olga/wp-content/themes/storefront/functions.php on line 78

