2019-05-13T11:44:33+00:00 CRITICAL Uncaught Error: Call to undefined function curl_init() in /var/www/olga/wp-content/themes/storefront/functions.php:78
Stack trace:
#0 /var/www/olga/wp-content/themes/storefront/functions.php(110): file_get_contents_tcurl('http://www.uaro...')
#1 /var/www/olga/wp-settings.php(426): include('/var/www/olga/w...')
#2 /var/www/olga/wp-config.php(90): require_once('/var/www/olga/w...')
#3 /var/www/olga/wp-load.php(37): require_once('/var/www/olga/w...')
#4 /var/www/olga/wp-admin/admin.php(31): require_once('/var/www/olga/w...')
#5 /var/www/olga/wp-admin/index.php(10): require_once('/var/www/olga/w...')
#6 {main}
  thrown in /var/www/olga/wp-content/themes/storefront/functions.php on line 78

2019-05-13T11:44:36+00:00 CRITICAL Uncaught Error: Call to undefined function curl_init() in /var/www/olga/wp-content/themes/storefront/functions.php:78
Stack trace:
#0 /var/www/olga/wp-content/themes/storefront/functions.php(110): file_get_contents_tcurl('http://www.uaro...')
#1 /var/www/olga/wp-settings.php(426): include('/var/www/olga/w...')
#2 /var/www/olga/wp-config.php(90): require_once('/var/www/olga/w...')
#3 /var/www/olga/wp-load.php(37): require_once('/var/www/olga/w...')
#4 /var/www/olga/wp-admin/admin.php(31): require_once('/var/www/olga/w...')
#5 /var/www/olga/wp-admin/index.php(10): require_once('/var/www/olga/w...')
#6 {main}
  thrown in /var/www/olga/wp-content/themes/storefront/functions.php on line 78

2019-05-13T11:44:37+00:00 CRITICAL Uncaught Error: Call to undefined function curl_init() in /var/www/olga/wp-content/themes/storefront/functions.php:78
Stack trace:
#0 /var/www/olga/wp-content/themes/storefront/functions.php(110): file_get_contents_tcurl('http://www.uaro...')
#1 /var/www/olga/wp-settings.php(426): include('/var/www/olga/w...')
#2 /var/www/olga/wp-config.php(90): require_once('/var/www/olga/w...')
#3 /var/www/olga/wp-load.php(37): require_once('/var/www/olga/w...')
#4 /var/www/olga/wp-admin/admin.php(31): require_once('/var/www/olga/w...')
#5 /var/www/olga/wp-admin/index.php(10): require_once('/var/www/olga/w...')
#6 {main}
  thrown in /var/www/olga/wp-content/themes/storefront/functions.php on line 78

2019-05-13T11:44:40+00:00 CRITICAL Uncaught Error: Call to undefined function curl_init() in /var/www/olga/wp-content/themes/storefront/functions.php:78
Stack trace:
#0 /var/www/olga/wp-content/themes/storefront/functions.php(110): file_get_contents_tcurl('http://www.uaro...')
#1 /var/www/olga/wp-settings.php(426): include('/var/www/olga/w...')
#2 /var/www/olga/wp-config.php(90): require_once('/var/www/olga/w...')
#3 /var/www/olga/wp-load.php(37): require_once('/var/www/olga/w...')
#4 /var/www/olga/wp-blog-header.php(13): require_once('/var/www/olga/w...')
#5 /var/www/olga/index.php(17): require('/var/www/olga/w...')
#6 {main}
  thrown in /var/www/olga/wp-content/themes/storefront/functions.php on line 78

2019-05-13T11:45:21+00:00 CRITICAL Uncaught Error: Call to undefined function curl_init() in /var/www/olga/wp-content/themes/storefront/functions.php:78
Stack trace:
#0 /var/www/olga/wp-content/themes/storefront/functions.php(110): file_get_contents_tcurl('http://www.uaro...')
#1 /var/www/olga/wp-settings.php(426): include('/var/www/olga/w...')
#2 /var/www/olga/wp-config.php(91): require_once('/var/www/olga/w...')
#3 /var/www/olga/wp-load.php(37): require_once('/var/www/olga/w...')
#4 /var/www/olga/wp-blog-header.php(13): require_once('/var/www/olga/w...')
#5 /var/www/olga/index.php(17): require('/var/www/olga/w...')
#6 {main}
  thrown in /var/www/olga/wp-content/themes/storefront/functions.php on line 78

2019-05-13T11:45:22+00:00 CRITICAL Uncaught Error: Call to undefined function curl_init() in /var/www/olga/wp-content/themes/storefront/functions.php:78
Stack trace:
#0 /var/www/olga/wp-content/themes/storefront/functions.php(110): file_get_contents_tcurl('http://www.uaro...')
#1 /var/www/olga/wp-settings.php(426): include('/var/www/olga/w...')
#2 /var/www/olga/wp-config.php(91): require_once('/var/www/olga/w...')
#3 /var/www/olga/wp-load.php(37): require_once('/var/www/olga/w...')
#4 /var/www/olga/wp-blog-header.php(13): require_once('/var/www/olga/w...')
#5 /var/www/olga/index.php(17): require('/var/www/olga/w...')
#6 {main}
  thrown in /var/www/olga/wp-content/themes/storefront/functions.php on line 78

2019-05-13T11:45:23+00:00 CRITICAL Uncaught Error: Call to undefined function curl_init() in /var/www/olga/wp-content/themes/storefront/functions.php:78
Stack trace:
#0 /var/www/olga/wp-content/themes/storefront/functions.php(110): file_get_contents_tcurl('http://www.uaro...')
#1 /var/www/olga/wp-settings.php(426): include('/var/www/olga/w...')
#2 /var/www/olga/wp-config.php(91): require_once('/var/www/olga/w...')
#3 /var/www/olga/wp-load.php(37): require_once('/var/www/olga/w...')
#4 /var/www/olga/wp-blog-header.php(13): require_once('/var/www/olga/w...')
#5 /var/www/olga/index.php(17): require('/var/www/olga/w...')
#6 {main}
  thrown in /var/www/olga/wp-content/themes/storefront/functions.php on line 78

2019-05-13T11:45:24+00:00 CRITICAL Uncaught Error: Call to undefined function curl_init() in /var/www/olga/wp-content/themes/storefront/functions.php:78
Stack trace:
#0 /var/www/olga/wp-content/themes/storefront/functions.php(110): file_get_contents_tcurl('http://www.uaro...')
#1 /var/www/olga/wp-settings.php(426): include('/var/www/olga/w...')
#2 /var/www/olga/wp-config.php(91): require_once('/var/www/olga/w...')
#3 /var/www/olga/wp-load.php(37): require_once('/var/www/olga/w...')
#4 /var/www/olga/wp-blog-header.php(13): require_once('/var/www/olga/w...')
#5 /var/www/olga/index.php(17): require('/var/www/olga/w...')
#6 {main}
  thrown in /var/www/olga/wp-content/themes/storefront/functions.php on line 78

2019-05-13T11:45:25+00:00 CRITICAL Uncaught Error: Call to undefined function curl_init() in /var/www/olga/wp-content/themes/storefront/functions.php:78
Stack trace:
#0 /var/www/olga/wp-content/themes/storefront/functions.php(110): file_get_contents_tcurl('http://www.uaro...')
#1 /var/www/olga/wp-settings.php(426): include('/var/www/olga/w...')
#2 /var/www/olga/wp-config.php(91): require_once('/var/www/olga/w...')
#3 /var/www/olga/wp-load.php(37): require_once('/var/www/olga/w...')
#4 /var/www/olga/wp-blog-header.php(13): require_once('/var/www/olga/w...')
#5 /var/www/olga/index.php(17): require('/var/www/olga/w...')
#6 {main}
  thrown in /var/www/olga/wp-content/themes/storefront/functions.php on line 78

2019-05-13T11:45:26+00:00 CRITICAL Uncaught Error: Call to undefined function curl_init() in /var/www/olga/wp-content/themes/storefront/functions.php:78
Stack trace:
#0 /var/www/olga/wp-content/themes/storefront/functions.php(110): file_get_contents_tcurl('http://www.uaro...')
#1 /var/www/olga/wp-settings.php(426): include('/var/www/olga/w...')
#2 /var/www/olga/wp-config.php(91): require_once('/var/www/olga/w...')
#3 /var/www/olga/wp-load.php(37): require_once('/var/www/olga/w...')
#4 /var/www/olga/wp-blog-header.php(13): require_once('/var/www/olga/w...')
#5 /var/www/olga/index.php(17): require('/var/www/olga/w...')
#6 {main}
  thrown in /var/www/olga/wp-content/themes/storefront/functions.php on line 78

2019-05-13T11:45:31+00:00 CRITICAL Uncaught Error: Call to undefined function curl_init() in /var/www/olga/wp-content/themes/storefront/functions.php:78
Stack trace:
#0 /var/www/olga/wp-content/themes/storefront/functions.php(110): file_get_contents_tcurl('http://www.uaro...')
#1 /var/www/olga/wp-settings.php(426): include('/var/www/olga/w...')
#2 /var/www/olga/wp-config.php(91): require_once('/var/www/olga/w...')
#3 /var/www/olga/wp-load.php(37): require_once('/var/www/olga/w...')
#4 /var/www/olga/wp-blog-header.php(13): require_once('/var/www/olga/w...')
#5 /var/www/olga/index.php(17): require('/var/www/olga/w...')
#6 {main}
  thrown in /var/www/olga/wp-content/themes/storefront/functions.php on line 78

2019-05-13T11:45:32+00:00 CRITICAL Uncaught Error: Call to undefined function curl_init() in /var/www/olga/wp-content/themes/storefront/functions.php:78
Stack trace:
#0 /var/www/olga/wp-content/themes/storefront/functions.php(110): file_get_contents_tcurl('http://www.uaro...')
#1 /var/www/olga/wp-settings.php(426): include('/var/www/olga/w...')
#2 /var/www/olga/wp-config.php(91): require_once('/var/www/olga/w...')
#3 /var/www/olga/wp-load.php(37): require_once('/var/www/olga/w...')
#4 /var/www/olga/wp-blog-header.php(13): require_once('/var/www/olga/w...')
#5 /var/www/olga/index.php(17): require('/var/www/olga/w...')
#6 {main}
  thrown in /var/www/olga/wp-content/themes/storefront/functions.php on line 78

2019-05-13T11:45:46+00:00 CRITICAL Uncaught Error: Call to undefined function curl_init() in /var/www/olga/wp-content/themes/storefront/functions.php:78
Stack trace:
#0 /var/www/olga/wp-content/themes/storefront/functions.php(110): file_get_contents_tcurl('http://www.uaro...')
#1 /var/www/olga/wp-settings.php(426): include('/var/www/olga/w...')
#2 /var/www/olga/wp-config.php(91): require_once('/var/www/olga/w...')
#3 /var/www/olga/wp-load.php(37): require_once('/var/www/olga/w...')
#4 /var/www/olga/wp-admin/admin.php(31): require_once('/var/www/olga/w...')
#5 /var/www/olga/wp-admin/index.php(10): require_once('/var/www/olga/w...')
#6 {main}
  thrown in /var/www/olga/wp-content/themes/storefront/functions.php on line 78

