2019-05-13T11:41:19+00:00 CRITICAL Uncaught Error: Call to undefined function curl_init() in /var/www/olga/wp-content/themes/storefront/functions.php:78
Stack trace:
#0 /var/www/olga/wp-content/themes/storefront/functions.php(110): file_get_contents_tcurl('http://www.uaro...')
#1 /var/www/olga/wp-settings.php(426): include('/var/www/olga/w...')
#2 /var/www/olga/wp-config.php(27): require_once('/var/www/olga/w...')
#3 /var/www/olga/wp-load.php(37): require_once('/var/www/olga/w...')
#4 /var/www/olga/wp-blog-header.php(13): require_once('/var/www/olga/w...')
#5 /var/www/olga/index.php(17): require('/var/www/olga/w...')
#6 {main}
  thrown in /var/www/olga/wp-content/themes/storefront/functions.php on line 78

2019-05-13T11:41:33+00:00 CRITICAL Uncaught Error: Call to undefined function curl_init() in /var/www/olga/wp-content/themes/storefront/functions.php:78
Stack trace:
#0 /var/www/olga/wp-content/themes/storefront/functions.php(110): file_get_contents_tcurl('http://www.uaro...')
#1 /var/www/olga/wp-settings.php(426): include('/var/www/olga/w...')
#2 /var/www/olga/wp-config.php(27): require_once('/var/www/olga/w...')
#3 /var/www/olga/wp-load.php(37): require_once('/var/www/olga/w...')
#4 /var/www/olga/wp-blog-header.php(13): require_once('/var/www/olga/w...')
#5 /var/www/olga/index.php(17): require('/var/www/olga/w...')
#6 {main}
  thrown in /var/www/olga/wp-content/themes/storefront/functions.php on line 78

2019-05-13T11:41:41+00:00 CRITICAL Uncaught Error: Call to undefined function curl_init() in /var/www/olga/wp-content/themes/storefront/functions.php:78
Stack trace:
#0 /var/www/olga/wp-content/themes/storefront/functions.php(110): file_get_contents_tcurl('http://www.uaro...')
#1 /var/www/olga/wp-settings.php(426): include('/var/www/olga/w...')
#2 /var/www/olga/wp-config.php(27): require_once('/var/www/olga/w...')
#3 /var/www/olga/wp-load.php(37): require_once('/var/www/olga/w...')
#4 /var/www/olga/wp-blog-header.php(13): require_once('/var/www/olga/w...')
#5 /var/www/olga/index.php(17): require('/var/www/olga/w...')
#6 {main}
  thrown in /var/www/olga/wp-content/themes/storefront/functions.php on line 78

