2019-04-29T02:09:56+00:00 CRITICAL Uncaught Error: Cannot use object of type WC_Product_Simple as array in /var/www/html/fashion/wp-content/plugins/woocommerce/templates/single-product/add-to-cart/simple.php:44
Stack trace:
#0 /var/www/html/fashion/wp-content/plugins/woocommerce/includes/wc-core-functions.php(249): include()
#1 /var/www/html/fashion/wp-content/plugins/woocommerce/includes/wc-template-functions.php(1583): wc_get_template('single-product/...')
#2 /var/www/html/fashion/wp-includes/class-wp-hook.php(286): woocommerce_simple_add_to_cart('')
#3 /var/www/html/fashion/wp-includes/class-wp-hook.php(310): WP_Hook->apply_filters('', Array)
#4 /var/www/html/fashion/wp-includes/plugin.php(453): WP_Hook->do_action(Array)
#5 /var/www/html/fashion/wp-content/plugins/woocommerce/includes/wc-template-functions.php(1574): do_action('woocommerce_sim...')
#6 /var/www/html/fashion/wp-includes/class-wp-hook.php(286): woocommerce_template_single_add_to_cart('')
#7 /var/www/html/fashion/wp-includes/class-wp-hook.php(310): WP_Hook->apply_filters(NULL,  in /var/www/html/fashion/wp-content/plugins/woocommerce/templates/single-product/add-to-cart/simple.php on line 44

2019-04-29T02:10:23+00:00 CRITICAL Uncaught Error: Cannot use object of type WC_Product_Simple as array in /var/www/html/fashion/wp-content/plugins/woocommerce/templates/single-product/add-to-cart/simple.php:45
Stack trace:
#0 /var/www/html/fashion/wp-content/plugins/woocommerce/includes/wc-core-functions.php(249): include()
#1 /var/www/html/fashion/wp-content/plugins/woocommerce/includes/wc-template-functions.php(1583): wc_get_template('single-product/...')
#2 /var/www/html/fashion/wp-includes/class-wp-hook.php(286): woocommerce_simple_add_to_cart('')
#3 /var/www/html/fashion/wp-includes/class-wp-hook.php(310): WP_Hook->apply_filters('', Array)
#4 /var/www/html/fashion/wp-includes/plugin.php(453): WP_Hook->do_action(Array)
#5 /var/www/html/fashion/wp-content/plugins/woocommerce/includes/wc-template-functions.php(1574): do_action('woocommerce_sim...')
#6 /var/www/html/fashion/wp-includes/class-wp-hook.php(286): woocommerce_template_single_add_to_cart('')
#7 /var/www/html/fashion/wp-includes/class-wp-hook.php(310): WP_Hook->apply_filters(NULL,  in /var/www/html/fashion/wp-content/plugins/woocommerce/templates/single-product/add-to-cart/simple.php on line 45

2019-04-29T02:10:31+00:00 CRITICAL Uncaught Error: Cannot use object of type WC_Product_Simple as array in /var/www/html/fashion/wp-content/plugins/woocommerce/templates/single-product/add-to-cart/simple.php:45
Stack trace:
#0 /var/www/html/fashion/wp-content/plugins/woocommerce/includes/wc-core-functions.php(249): include()
#1 /var/www/html/fashion/wp-content/plugins/woocommerce/includes/wc-template-functions.php(1583): wc_get_template('single-product/...')
#2 /var/www/html/fashion/wp-includes/class-wp-hook.php(286): woocommerce_simple_add_to_cart('')
#3 /var/www/html/fashion/wp-includes/class-wp-hook.php(310): WP_Hook->apply_filters('', Array)
#4 /var/www/html/fashion/wp-includes/plugin.php(453): WP_Hook->do_action(Array)
#5 /var/www/html/fashion/wp-content/plugins/woocommerce/includes/wc-template-functions.php(1574): do_action('woocommerce_sim...')
#6 /var/www/html/fashion/wp-includes/class-wp-hook.php(286): woocommerce_template_single_add_to_cart('')
#7 /var/www/html/fashion/wp-includes/class-wp-hook.php(310): WP_Hook->apply_filters(NULL,  in /var/www/html/fashion/wp-content/plugins/woocommerce/templates/single-product/add-to-cart/simple.php on line 45

2019-04-29T02:10:40+00:00 CRITICAL Uncaught Error: Cannot use object of type WC_Product_Simple as array in /var/www/html/fashion/wp-content/plugins/woocommerce/templates/single-product/add-to-cart/simple.php:45
Stack trace:
#0 /var/www/html/fashion/wp-content/plugins/woocommerce/includes/wc-core-functions.php(249): include()
#1 /var/www/html/fashion/wp-content/plugins/woocommerce/includes/wc-template-functions.php(1583): wc_get_template('single-product/...')
#2 /var/www/html/fashion/wp-includes/class-wp-hook.php(286): woocommerce_simple_add_to_cart('')
#3 /var/www/html/fashion/wp-includes/class-wp-hook.php(310): WP_Hook->apply_filters('', Array)
#4 /var/www/html/fashion/wp-includes/plugin.php(453): WP_Hook->do_action(Array)
#5 /var/www/html/fashion/wp-content/plugins/woocommerce/includes/wc-template-functions.php(1574): do_action('woocommerce_sim...')
#6 /var/www/html/fashion/wp-includes/class-wp-hook.php(286): woocommerce_template_single_add_to_cart('')
#7 /var/www/html/fashion/wp-includes/class-wp-hook.php(310): WP_Hook->apply_filters(NULL,  in /var/www/html/fashion/wp-content/plugins/woocommerce/templates/single-product/add-to-cart/simple.php on line 45

2019-04-29T02:10:50+00:00 CRITICAL Uncaught Error: Cannot use object of type WC_Product_Simple as array in /var/www/html/fashion/wp-content/plugins/woocommerce/templates/single-product/add-to-cart/simple.php:45
Stack trace:
#0 /var/www/html/fashion/wp-content/plugins/woocommerce/includes/wc-core-functions.php(249): include()
#1 /var/www/html/fashion/wp-content/plugins/woocommerce/includes/wc-template-functions.php(1583): wc_get_template('single-product/...')
#2 /var/www/html/fashion/wp-includes/class-wp-hook.php(286): woocommerce_simple_add_to_cart('')
#3 /var/www/html/fashion/wp-includes/class-wp-hook.php(310): WP_Hook->apply_filters('', Array)
#4 /var/www/html/fashion/wp-includes/plugin.php(453): WP_Hook->do_action(Array)
#5 /var/www/html/fashion/wp-content/plugins/woocommerce/includes/wc-template-functions.php(1574): do_action('woocommerce_sim...')
#6 /var/www/html/fashion/wp-includes/class-wp-hook.php(286): woocommerce_template_single_add_to_cart('')
#7 /var/www/html/fashion/wp-includes/class-wp-hook.php(310): WP_Hook->apply_filters(NULL,  in /var/www/html/fashion/wp-content/plugins/woocommerce/templates/single-product/add-to-cart/simple.php on line 45

